This is pdfTeX, Version 3.1415926-2.3-1.40.12 (MiKTeX 2.9) (preloaded format=pdflatex 2013.3.3)  15 NOV 2013 06:44
entering extended mode
**D:/Bitbucket_Repos/peptide-catalysis/writeup/peptide-catalysis.tex
(D:/Bitbucket_Repos/peptide-catalysis/writeup/peptide-catalysis.tex
LaTeX2e <2011/06/27>
Babel <v3.8m> and hyphenation patterns for loaded.
(D:\Software\CTex\MiKTeX\tex\latex\base\article.cls
Document Class: article 2007/10/19 v1.4h Standard LaTeX document class
(D:\Software\CTex\MiKTeX\tex\latex\base\size12.clo
File: size12.clo 2007/10/19 v1.4h Standard LaTeX file (size option)
)
\c@part=\count79
\c@section=\count80
\c@subsection=\count81
\c@subsubsection=\count82
\c@paragraph=\count83
\c@subparagraph=\count84
\c@figure=\count85
\c@table=\count86
\abovecaptionskip=\skip41
\belowcaptionskip=\skip42
\bibindent=\dimen102
)
(D:\Software\CTex\MiKTeX\tex\latex\ams\math\amsmath.sty
Package: amsmath 2000/07/18 v2.13 AMS math features
\@mathmargin=\skip43

For additional information on amsmath, use the `?' option.
(D:\Software\CTex\MiKTeX\tex\latex\ams\math\amstext.sty
Package: amstext 2000/06/29 v2.01

(D:\Software\CTex\MiKTeX\tex\latex\ams\math\amsgen.sty
File: amsgen.sty 1999/11/30 v2.0
\@emptytoks=\toks14
\ex@=\dimen103
))
(D:\Software\CTex\MiKTeX\tex\latex\ams\math\amsbsy.sty
Package: amsbsy 1999/11/29 v1.2d
\pmbraise@=\dimen104
)
(D:\Software\CTex\MiKTeX\tex\latex\ams\math\amsopn.sty
Package: amsopn 1999/12/14 v2.01 operator names
)
\inf@bad=\count87
LaTeX Info: Redefining \frac on input line 211.
\uproot@=\count88
\leftroot@=\count89
LaTeX Info: Redefining \overline on input line 307.
\classnum@=\count90
\DOTSCASE@=\count91
LaTeX Info: Redefining \ldots on input line 379.
LaTeX Info: Redefining \dots on input line 382.
LaTeX Info: Redefining \cdots on input line 467.
\Mathstrutbox@=\box26
\strutbox@=\box27
\big@size=\dimen105
LaTeX Font Info:    Redeclaring font encoding OML on input line 567.
LaTeX Font Info:    Redeclaring font encoding OMS on input line 568.
\macc@depth=\count92
\c@MaxMatrixCols=\count93
\dotsspace@=\muskip10
\c@parentequation=\count94
\dspbrk@lvl=\count95
\tag@help=\toks15
\row@=\count96
\column@=\count97
\maxfields@=\count98
\andhelp@=\toks16
\eqnshift@=\dimen106
\alignsep@=\dimen107
\tagshift@=\dimen108
\tagwidth@=\dimen109
\totwidth@=\dimen110
\lineht@=\dimen111
\@envbody=\toks17
\multlinegap=\skip44
\multlinetaggap=\skip45
\mathdisplay@stack=\toks18
LaTeX Info: Redefining \[ on input line 2666.
LaTeX Info: Redefining \] on input line 2667.
)
(D:\Software\CTex\MiKTeX\tex\latex\amsfonts\amssymb.sty
Package: amssymb 2009/06/22 v3.00

(D:\Software\CTex\MiKTeX\tex\latex\amsfonts\amsfonts.sty
Package: amsfonts 2009/06/22 v3.00 Basic AMSFonts support
\symAMSa=\mathgroup4
\symAMSb=\mathgroup5
LaTeX Font Info:    Overwriting math alphabet `\mathfrak' in version `bold'
(Font)                  U/euf/m/n --> U/euf/b/n on input line 96.
))
(D:\Software\CTex\UserData\tex\latex\mh\mathtools.sty
Package: mathtools 2013/02/12 v1.13 mathematical typesetting tools

(D:\Software\CTex\MiKTeX\tex\latex\graphics\keyval.sty
Package: keyval 1999/03/16 v1.13 key=value parser (DPC)
\KV@toks@=\toks19
)
(D:\Software\CTex\MiKTeX\tex\latex\tools\calc.sty
Package: calc 2007/08/22 v4.3 Infix arithmetic (KKT,FJ)
\calc@Acount=\count99
\calc@Bcount=\count100
\calc@Adimen=\dimen112
\calc@Bdimen=\dimen113
\calc@Askip=\skip46
\calc@Bskip=\skip47
LaTeX Info: Redefining \setlength on input line 76.
LaTeX Info: Redefining \addtolength on input line 77.
\calc@Ccount=\count101
\calc@Cskip=\skip48
)
(D:\Software\CTex\UserData\tex\latex\mh\mhsetup.sty
Package: mhsetup 2010/01/21 v1.2a programming setup (MH)
)
LaTeX Info: Thecontrolsequence`\['isalreadyrobust on input line 129.
LaTeX Info: Thecontrolsequence`\]'isalreadyrobust on input line 129.
\g_MT_multlinerow_int=\count102
\l_MT_multwidth_dim=\dimen114
\origjot=\skip49
\l_MT_shortvdotswithinadjustabove_dim=\dimen115
\l_MT_shortvdotswithinadjustbelow_dim=\dimen116
\l_MT_above_intertext_sep=\dimen117
\l_MT_below_intertext_sep=\dimen118
\l_MT_above_shortintertext_sep=\dimen119
\l_MT_below_shortintertext_sep=\dimen120
)
(D:\Software\CTex\UserData\tex\latex\setspace\setspace.sty
Package: setspace 2011/12/19 v6.7a set line spacing
)
(D:\Software\CTex\MiKTeX\tex\latex\geometry\geometry.sty
Package: geometry 2010/09/12 v5.6 Page Geometry

(D:\Software\CTex\MiKTeX\tex\generic\oberdiek\ifpdf.sty
Package: ifpdf 2011/01/30 v2.3 Provides the ifpdf switch (HO)
Package ifpdf Info: pdfTeX in PDF mode is detected.
)
(D:\Software\CTex\MiKTeX\tex\generic\oberdiek\ifvtex.sty
Package: ifvtex 2010/03/01 v1.5 Switches for detecting VTeX and its modes (HO)
Package ifvtex Info: VTeX not detected.
)
(D:\Software\CTex\MiKTeX\tex\generic\ifxetex\ifxetex.sty
Package: ifxetex 2010/09/12 v0.6 Provides ifxetex conditional
)
\Gm@cnth=\count103
\Gm@cntv=\count104
\c@Gm@tempcnt=\count105
\Gm@bindingoffset=\dimen121
\Gm@wd@mp=\dimen122
\Gm@odd@mp=\dimen123
\Gm@even@mp=\dimen124
\Gm@layoutwidth=\dimen125
\Gm@layoutheight=\dimen126
\Gm@layouthoffset=\dimen127
\Gm@layoutvoffset=\dimen128
\Gm@dimlist=\toks20

(D:\Software\CTex\MiKTeX\tex\latex\geometry\geometry.cfg))
(D:\Software\CTex\UserData\tex\latex\algorithms\algorithmic.sty
Package: algorithmic 2009/08/24 v0.1 Document Style `algorithmic'

(D:\Software\CTex\MiKTeX\tex\latex\base\ifthen.sty
Package: ifthen 2001/05/26 v1.1c Standard LaTeX ifthen package (DPC)
)
\c@ALC@unique=\count106
\c@ALC@line=\count107
\c@ALC@rem=\count108
\c@ALC@depth=\count109
\ALC@tlm=\skip50
\algorithmicindent=\skip51
)
(D:\Bitbucket_Repos\peptide-catalysis\writeup\peptide-catalysis.aux)
LaTeX Font Info:    Checking defaults for OML/cmm/m/it on input line 23.
LaTeX Font Info:    ... okay on input line 23.
LaTeX Font Info:    Checking defaults for T1/cmr/m/n on input line 23.
LaTeX Font Info:    ... okay on input line 23.
LaTeX Font Info:    Checking defaults for OT1/cmr/m/n on input line 23.
LaTeX Font Info:    ... okay on input line 23.
LaTeX Font Info:    Checking defaults for OMS/cmsy/m/n on input line 23.
LaTeX Font Info:    ... okay on input line 23.
LaTeX Font Info:    Checking defaults for OMX/cmex/m/n on input line 23.
LaTeX Font Info:    ... okay on input line 23.
LaTeX Font Info:    Checking defaults for U/cmr/m/n on input line 23.
LaTeX Font Info:    ... okay on input line 23.

(D:\Software\CTex\MiKTeX\tex\latex\graphics\graphicx.sty
Package: graphicx 1999/02/16 v1.0f Enhanced LaTeX Graphics (DPC,SPQR)

(D:\Software\CTex\MiKTeX\tex\latex\graphics\graphics.sty
Package: graphics 2009/02/05 v1.0o Standard LaTeX Graphics (DPC,SPQR)

(D:\Software\CTex\MiKTeX\tex\latex\graphics\trig.sty
Package: trig 1999/03/16 v1.09 sin cos tan (DPC)
)
(D:\Software\CTex\MiKTeX\tex\latex\00miktex\graphics.cfg
File: graphics.cfg 2007/01/18 v1.5 graphics configuration of teTeX/TeXLive
)
Package graphics Info: Driver file: pdftex.def on input line 91.

(D:\Software\CTex\MiKTeX\tex\latex\pdftex-def\pdftex.def
File: pdftex.def 2011/05/27 v0.06d Graphics/color for pdfTeX

(D:\Software\CTex\MiKTeX\tex\generic\oberdiek\infwarerr.sty
Package: infwarerr 2010/04/08 v1.3 Providing info/warning/message (HO)
)
(D:\Software\CTex\MiKTeX\tex\generic\oberdiek\ltxcmds.sty
Package: ltxcmds 2011/04/18 v1.20 LaTeX kernel commands for general use (HO)
)
\Gread@gobject=\count110

(D:\Software\CTex\MiKTeX\tex\context\base\supp-pdf.mkii
[Loading MPS to PDF converter (version 2006.09.02).]
\scratchcounter=\count111
\scratchdimen=\dimen129
\scratchbox=\box28
\nofMPsegments=\count112
\nofMParguments=\count113
\everyMPshowfont=\toks21
\MPscratchCnt=\count114
\MPscratchDim=\dimen130
\MPnumerator=\count115
\makeMPintoPDFobject=\count116
\everyMPtoPDFconversion=\toks22
)))
\Gin@req@height=\dimen131
\Gin@req@width=\dimen132
)
*geometry* driver: auto-detecting
*geometry* detected driver: pdftex
*geometry* verbose mode - [ preamble ] result:
* driver: pdftex
* paper: <default>
* layout: <same size as paper>
* layoutoffset:(h,v)=(0.0pt,0.0pt)
* modes: 
* h-part:(L,W,R)=(72.26999pt, 469.75502pt, 72.26999pt)
* v-part:(T,H,B)=(72.26999pt, 650.43001pt, 72.26999pt)
* \paperwidth=614.295pt
* \paperheight=794.96999pt
* \textwidth=469.75502pt
* \textheight=650.43001pt
* \oddsidemargin=0.0pt
* \evensidemargin=0.0pt
* \topmargin=-37.0pt
* \headheight=12.0pt
* \headsep=25.0pt
* \topskip=12.0pt
* \footskip=30.0pt
* \marginparwidth=44.0pt
* \marginparsep=10.0pt
* \columnsep=10.0pt
* \skip\footins=10.8pt plus 4.0pt minus 2.0pt
* \hoffset=0.0pt
* \voffset=0.0pt
* \mag=1000
* \@twocolumnfalse
* \@twosidefalse
* \@mparswitchfalse
* \@reversemarginfalse
* (1in=72.27pt=25.4mm, 1cm=28.453pt)

LaTeX Font Info:    Try loading font information for U+msa on input line 24.
(D:\Software\CTex\MiKTeX\tex\latex\amsfonts\umsa.fd
File: umsa.fd 2009/06/22 v3.00 AMS symbols A
)
LaTeX Font Info:    Try loading font information for U+msb on input line 24.

(D:\Software\CTex\MiKTeX\tex\latex\amsfonts\umsb.fd
File: umsb.fd 2009/06/22 v3.00 AMS symbols B
) [1

{D:/Software/CTex/UserData/pdftex/config/pdftex.map{Unicode.sfd}{UGBK.sfd}}]

LaTeX Warning: Citation `Susko2004' on page 2 undefined on input line 66.

[2]
Overfull \hbox (5.58458pt too wide) in paragraph at lines 116--122
\OT1/cmr/m/n/12 with a pri-or prob-a-bil-i-ty dis-tri-bu-tion on each vec-tor $
\OML/cmm/m/it/12 []$\OT1/cmr/m/n/12 , which is $[](\OML/cmm/m/it/12 []\OT1/cm
r/m/n/12 (1)\OML/cmm/m/it/12 ; [] ; []\OT1/cmr/m/n/12 (6))$,
 []


Overfull \hbox (8.02373pt too wide) in paragraph at lines 123--132
\OT1/cmr/m/n/12 tion, but with d-if-fer-en-t pa-ram-e-ter-s. In par-tic-u-lar, 
it is $[](\OML/cmm/m/it/12 []\OT1/cmr/m/n/12 (1) + \OML/cmm/m/it/12 N[]\OT1/cm
r/m/n/12 (1)\OML/cmm/m/it/12 ; ; [] ; []\OT1/cmr/m/n/12 (6) +
 []


Overfull \hbox (8.98494pt too wide) in paragraph at lines 139--141
 \OT1/cmr/bx/n/12 Com-pu-ta-tion of $\OML/cmm/m/it/12 P\OT1/cmr/m/n/12 (\OML/cm
m/m/it/12 Y\OT1/cmr/m/n/12 (\OML/cmm/m/it/12 x; k\OT1/cmr/m/n/12 ) = 1\OMS/cmsy
/m/n/12 j[]\OT1/cmr/m/n/12 )$[] To cal-cu-late the prob-a-bil-i-ty that $\OML/c
mm/m/it/12 Y\OT1/cmr/m/n/12 (\OML/cmm/m/it/12 x; k\OT1/cmr/m/n/12 ) =
 []

[3]
Overfull \hbox (8.01166pt too wide) in paragraph at lines 166--168
\OT1/cmr/m/n/12 as $\OML/cmm/m/it/12 p\OT1/cmr/m/n/12 (\OML/cmm/m/it/12 x\OT1/c
mr/m/n/12 ) = \OML/cmm/m/it/12 P [] P []$\OT1/cmr/m/n/12 , where each $\OML/cmm
/m/it/12 P\OT1/cmr/m/n/12 (\OML/cmm/m/it/12 Y\OT1/cmr/m/n/12 (\OML/cmm/m/it/12 
x; k\OT1/cmr/m/n/12 ) =
 []


LaTeX Warning: Citation `JoScWe98' on page 4 undefined on input line 181.


LaTeX Warning: Citation `PoRy12' on page 4 undefined on input line 182.


LaTeX Warning: Citation `PoFr08' on page 4 undefined on input line 182.

[4] [5] [6] (D:\Bitbucket_Repos\peptide-catalysis\writeup\peptide-catalysis.bbl

LaTeX Warning: Empty `thebibliography' environment on input line 3.

) [7] (D:\Bitbucket_Repos\peptide-catalysis\writeup\peptide-catalysis.aux)

LaTeX Warning: There were undefined references.

 ) 
Here is how much of TeX's memory you used:
 3289 strings out of 495354
 44206 string characters out of 3183356
 111993 words of memory out of 3000000
 6419 multiletter control sequences out of 15000+200000
 13709 words of font info for 53 fonts, out of 3000000 for 9000
 14 hyphenation exceptions out of 8191
 30i,14n,35p,695b,405s stack positions out of 5000i,500n,10000p,200000b,50000s
<D:/Software/CTex/MiKTeX/fonts/type1/public/amsfonts/cm/cmbx12.pfb><D:/Softwa
re/CTex/MiKTeX/fonts/type1/public/amsfonts/cm/cmex10.pfb><D:/Software/CTex/MiKT
eX/fonts/type1/public/amsfonts/cm/cmmi10.pfb><D:/Software/CTex/MiKTeX/fonts/typ
e1/public/amsfonts/cm/cmmi12.pfb><D:/Software/CTex/MiKTeX/fonts/type1/public/am
sfonts/cm/cmmi6.pfb><D:/Software/CTex/MiKTeX/fonts/type1/public/amsfonts/cm/cmm
i8.pfb><D:/Software/CTex/MiKTeX/fonts/type1/public/amsfonts/cm/cmr10.pfb><D:/So
ftware/CTex/MiKTeX/fonts/type1/public/amsfonts/cm/cmr12.pfb><D:/Software/CTex/M
iKTeX/fonts/type1/public/amsfonts/cm/cmr17.pfb><D:/Software/CTex/MiKTeX/fonts/t
ype1/public/amsfonts/cm/cmr6.pfb><D:/Software/CTex/MiKTeX/fonts/type1/public/am
sfonts/cm/cmr7.pfb><D:/Software/CTex/MiKTeX/fonts/type1/public/amsfonts/cm/cmr8
.pfb><D:/Software/CTex/MiKTeX/fonts/type1/public/amsfonts/cm/cmsy10.pfb><D:/Sof
tware/CTex/MiKTeX/fonts/type1/public/amsfonts/cm/cmsy6.pfb><D:/Software/CTex/Mi
KTeX/fonts/type1/public/amsfonts/cm/cmsy7.pfb><D:/Software/CTex/MiKTeX/fonts/ty
pe1/public/amsfonts/cm/cmsy8.pfb><D:/Software/CTex/MiKTeX/fonts/type1/public/am
sfonts/cm/cmti12.pfb>
Output written on peptide-catalysis.pdf (7 pages, 224507 bytes).
PDF statistics:
 94 PDF objects out of 1000 (max. 8388607)
 0 named destinations out of 1000 (max. 500000)
 1 words of extra memory for PDF output out of 10000 (max. 10000000)

