This is pdfTeX, Version 3.1415926-2.3-1.40.12 (MiKTeX 2.9) (preloaded format=pdflatex 2013.3.3)  24 JAN 2014 17:47
entering extended mode
**D:/Bitbucket_Repos/peptide-catalysis/writeup/FinalPaper/writeup.tex
(D:/Bitbucket_Repos/peptide-catalysis/writeup/FinalPaper/writeup.tex
LaTeX2e <2011/06/27>
Babel <v3.8m> and hyphenation patterns for loaded.
(D:\Software\CTex\MiKTeX\tex\latex\base\article.cls
Document Class: article 2007/10/19 v1.4h Standard LaTeX document class
(D:\Software\CTex\MiKTeX\tex\latex\base\size11.clo
File: size11.clo 2007/10/19 v1.4h Standard LaTeX file (size option)
)
\c@part=\count79
\c@section=\count80
\c@subsection=\count81
\c@subsubsection=\count82
\c@paragraph=\count83
\c@subparagraph=\count84
\c@figure=\count85
\c@table=\count86
\abovecaptionskip=\skip41
\belowcaptionskip=\skip42
\bibindent=\dimen102
)
(D:\Software\CTex\MiKTeX\tex\latex\ams\math\amsmath.sty
Package: amsmath 2000/07/18 v2.13 AMS math features
\@mathmargin=\skip43

For additional information on amsmath, use the `?' option.
(D:\Software\CTex\MiKTeX\tex\latex\ams\math\amstext.sty
Package: amstext 2000/06/29 v2.01

(D:\Software\CTex\MiKTeX\tex\latex\ams\math\amsgen.sty
File: amsgen.sty 1999/11/30 v2.0
\@emptytoks=\toks14
\ex@=\dimen103
))
(D:\Software\CTex\MiKTeX\tex\latex\ams\math\amsbsy.sty
Package: amsbsy 1999/11/29 v1.2d
\pmbraise@=\dimen104
)
(D:\Software\CTex\MiKTeX\tex\latex\ams\math\amsopn.sty
Package: amsopn 1999/12/14 v2.01 operator names
)
\inf@bad=\count87
LaTeX Info: Redefining \frac on input line 211.
\uproot@=\count88
\leftroot@=\count89
LaTeX Info: Redefining \overline on input line 307.
\classnum@=\count90
\DOTSCASE@=\count91
LaTeX Info: Redefining \ldots on input line 379.
LaTeX Info: Redefining \dots on input line 382.
LaTeX Info: Redefining \cdots on input line 467.
\Mathstrutbox@=\box26
\strutbox@=\box27
\big@size=\dimen105
LaTeX Font Info:    Redeclaring font encoding OML on input line 567.
LaTeX Font Info:    Redeclaring font encoding OMS on input line 568.
\macc@depth=\count92
\c@MaxMatrixCols=\count93
\dotsspace@=\muskip10
\c@parentequation=\count94
\dspbrk@lvl=\count95
\tag@help=\toks15
\row@=\count96
\column@=\count97
\maxfields@=\count98
\andhelp@=\toks16
\eqnshift@=\dimen106
\alignsep@=\dimen107
\tagshift@=\dimen108
\tagwidth@=\dimen109
\totwidth@=\dimen110
\lineht@=\dimen111
\@envbody=\toks17
\multlinegap=\skip44
\multlinetaggap=\skip45
\mathdisplay@stack=\toks18
LaTeX Info: Redefining \[ on input line 2666.
LaTeX Info: Redefining \] on input line 2667.
)
(D:\Software\CTex\MiKTeX\tex\latex\amsfonts\amssymb.sty
Package: amssymb 2009/06/22 v3.00

(D:\Software\CTex\MiKTeX\tex\latex\amsfonts\amsfonts.sty
Package: amsfonts 2009/06/22 v3.00 Basic AMSFonts support
\symAMSa=\mathgroup4
\symAMSb=\mathgroup5
LaTeX Font Info:    Overwriting math alphabet `\mathfrak' in version `bold'
(Font)                  U/euf/m/n --> U/euf/b/n on input line 96.
))
(D:\Software\CTex\UserData\tex\latex\mh\mathtools.sty
Package: mathtools 2013/02/12 v1.13 mathematical typesetting tools

(D:\Software\CTex\MiKTeX\tex\latex\graphics\keyval.sty
Package: keyval 1999/03/16 v1.13 key=value parser (DPC)
\KV@toks@=\toks19
)
(D:\Software\CTex\MiKTeX\tex\latex\tools\calc.sty
Package: calc 2007/08/22 v4.3 Infix arithmetic (KKT,FJ)
\calc@Acount=\count99
\calc@Bcount=\count100
\calc@Adimen=\dimen112
\calc@Bdimen=\dimen113
\calc@Askip=\skip46
\calc@Bskip=\skip47
LaTeX Info: Redefining \setlength on input line 76.
LaTeX Info: Redefining \addtolength on input line 77.
\calc@Ccount=\count101
\calc@Cskip=\skip48
)
(D:\Software\CTex\UserData\tex\latex\mh\mhsetup.sty
Package: mhsetup 2010/01/21 v1.2a programming setup (MH)
)
LaTeX Info: Thecontrolsequence`\['isalreadyrobust on input line 129.
LaTeX Info: Thecontrolsequence`\]'isalreadyrobust on input line 129.
\g_MT_multlinerow_int=\count102
\l_MT_multwidth_dim=\dimen114
\origjot=\skip49
\l_MT_shortvdotswithinadjustabove_dim=\dimen115
\l_MT_shortvdotswithinadjustbelow_dim=\dimen116
\l_MT_above_intertext_sep=\dimen117
\l_MT_below_intertext_sep=\dimen118
\l_MT_above_shortintertext_sep=\dimen119
\l_MT_below_shortintertext_sep=\dimen120
)
(D:\Software\CTex\MiKTeX\tex\latex\ams\classes\amsthm.sty
Package: amsthm 2004/08/06 v2.20
\thm@style=\toks20
\thm@bodyfont=\toks21
\thm@headfont=\toks22
\thm@notefont=\toks23
\thm@headpunct=\toks24
\thm@preskip=\skip50
\thm@postskip=\skip51
\thm@headsep=\skip52
\dth@everypar=\toks25
)
(D:\Software\CTex\UserData\tex\latex\bbm\bbm.sty
Package: bbm 1999/03/15 V 1.2 provides fonts for set symbols - TH
LaTeX Font Info:    Overwriting math alphabet `\mathbbm' in version `bold'
(Font)                  U/bbm/m/n --> U/bbm/bx/n on input line 33.
LaTeX Font Info:    Overwriting math alphabet `\mathbbmss' in version `bold'
(Font)                  U/bbmss/m/n --> U/bbmss/bx/n on input line 35.
)
(D:\Software\CTex\MiKTeX\tex\latex\geometry\geometry.sty
Package: geometry 2010/09/12 v5.6 Page Geometry

(D:\Software\CTex\MiKTeX\tex\generic\oberdiek\ifpdf.sty
Package: ifpdf 2011/01/30 v2.3 Provides the ifpdf switch (HO)
Package ifpdf Info: pdfTeX in PDF mode is detected.
)
(D:\Software\CTex\MiKTeX\tex\generic\oberdiek\ifvtex.sty
Package: ifvtex 2010/03/01 v1.5 Switches for detecting VTeX and its modes (HO)
Package ifvtex Info: VTeX not detected.
)
(D:\Software\CTex\MiKTeX\tex\generic\ifxetex\ifxetex.sty
Package: ifxetex 2010/09/12 v0.6 Provides ifxetex conditional
)
\Gm@cnth=\count103
\Gm@cntv=\count104
\c@Gm@tempcnt=\count105
\Gm@bindingoffset=\dimen121
\Gm@wd@mp=\dimen122
\Gm@odd@mp=\dimen123
\Gm@even@mp=\dimen124
\Gm@layoutwidth=\dimen125
\Gm@layoutheight=\dimen126
\Gm@layouthoffset=\dimen127
\Gm@layoutvoffset=\dimen128
\Gm@dimlist=\toks26

(D:\Software\CTex\MiKTeX\tex\latex\geometry\geometry.cfg))
(D:\Software\CTex\UserData\tex\latex\caption\caption.sty
Package: caption 2013/05/02 v3.3-89 Customizing captions (AR)

(D:\Software\CTex\UserData\tex\latex\caption\caption3.sty
Package: caption3 2013/05/02 v1.6-88 caption3 kernel (AR)
Package caption3 Info: TeX engine: e-TeX on input line 57.
\captionmargin=\dimen129
\captionmargin@=\dimen130
\captionwidth=\dimen131
\caption@tempdima=\dimen132
\caption@indent=\dimen133
\caption@parindent=\dimen134
\caption@hangindent=\dimen135
)
\c@ContinuedFloat=\count106
)
(D:\Software\CTex\UserData\tex\latex\algorithms\algorithmic.sty
Package: algorithmic 2009/08/24 v0.1 Document Style `algorithmic'

(D:\Software\CTex\MiKTeX\tex\latex\base\ifthen.sty
Package: ifthen 2001/05/26 v1.1c Standard LaTeX ifthen package (DPC)
)
\c@ALC@unique=\count107
\c@ALC@line=\count108
\c@ALC@rem=\count109
\c@ALC@depth=\count110
\ALC@tlm=\skip53
\algorithmicindent=\skip54
)
\c@thm=\count111
\c@algo=\count112

(D:\Bitbucket_Repos\peptide-catalysis\writeup\FinalPaper\writeup.aux)
LaTeX Font Info:    Checking defaults for OML/cmm/m/it on input line 22.
LaTeX Font Info:    ... okay on input line 22.
LaTeX Font Info:    Checking defaults for T1/cmr/m/n on input line 22.
LaTeX Font Info:    ... okay on input line 22.
LaTeX Font Info:    Checking defaults for OT1/cmr/m/n on input line 22.
LaTeX Font Info:    ... okay on input line 22.
LaTeX Font Info:    Checking defaults for OMS/cmsy/m/n on input line 22.
LaTeX Font Info:    ... okay on input line 22.
LaTeX Font Info:    Checking defaults for OMX/cmex/m/n on input line 22.
LaTeX Font Info:    ... okay on input line 22.
LaTeX Font Info:    Checking defaults for U/cmr/m/n on input line 22.
LaTeX Font Info:    ... okay on input line 22.

(D:\Software\CTex\MiKTeX\tex\latex\graphics\graphicx.sty
Package: graphicx 1999/02/16 v1.0f Enhanced LaTeX Graphics (DPC,SPQR)

(D:\Software\CTex\MiKTeX\tex\latex\graphics\graphics.sty
Package: graphics 2009/02/05 v1.0o Standard LaTeX Graphics (DPC,SPQR)

(D:\Software\CTex\MiKTeX\tex\latex\graphics\trig.sty
Package: trig 1999/03/16 v1.09 sin cos tan (DPC)
)
(D:\Software\CTex\MiKTeX\tex\latex\00miktex\graphics.cfg
File: graphics.cfg 2007/01/18 v1.5 graphics configuration of teTeX/TeXLive
)
Package graphics Info: Driver file: pdftex.def on input line 91.

(D:\Software\CTex\MiKTeX\tex\latex\pdftex-def\pdftex.def
File: pdftex.def 2011/05/27 v0.06d Graphics/color for pdfTeX

(D:\Software\CTex\MiKTeX\tex\generic\oberdiek\infwarerr.sty
Package: infwarerr 2010/04/08 v1.3 Providing info/warning/message (HO)
)
(D:\Software\CTex\MiKTeX\tex\generic\oberdiek\ltxcmds.sty
Package: ltxcmds 2011/04/18 v1.20 LaTeX kernel commands for general use (HO)
)
\Gread@gobject=\count113

(D:\Software\CTex\MiKTeX\tex\context\base\supp-pdf.mkii
[Loading MPS to PDF converter (version 2006.09.02).]
\scratchcounter=\count114
\scratchdimen=\dimen136
\scratchbox=\box28
\nofMPsegments=\count115
\nofMParguments=\count116
\everyMPshowfont=\toks27
\MPscratchCnt=\count117
\MPscratchDim=\dimen137
\MPnumerator=\count118
\makeMPintoPDFobject=\count119
\everyMPtoPDFconversion=\toks28
)))
\Gin@req@height=\dimen138
\Gin@req@width=\dimen139
)
*geometry* driver: auto-detecting
*geometry* detected driver: pdftex
*geometry* verbose mode - [ preamble ] result:
* driver: pdftex
* paper: <default>
* layout: <same size as paper>
* layoutoffset:(h,v)=(0.0pt,0.0pt)
* modes: 
* h-part:(L,W,R)=(72.26999pt, 469.75502pt, 72.26999pt)
* v-part:(T,H,B)=(72.26999pt, 650.43001pt, 72.26999pt)
* \paperwidth=614.295pt
* \paperheight=794.96999pt
* \textwidth=469.75502pt
* \textheight=650.43001pt
* \oddsidemargin=0.0pt
* \evensidemargin=0.0pt
* \topmargin=-37.0pt
* \headheight=12.0pt
* \headsep=25.0pt
* \topskip=11.0pt
* \footskip=30.0pt
* \marginparwidth=59.0pt
* \marginparsep=10.0pt
* \columnsep=10.0pt
* \skip\footins=10.0pt plus 4.0pt minus 2.0pt
* \hoffset=0.0pt
* \voffset=0.0pt
* \mag=1000
* \@twocolumnfalse
* \@twosidefalse
* \@mparswitchfalse
* \@reversemarginfalse
* (1in=72.27pt=25.4mm, 1cm=28.453pt)

Package caption Info: Begin \AtBeginDocument code.
Package caption Info: End \AtBeginDocument code.
LaTeX Font Info:    Try loading font information for U+msa on input line 23.
(D:\Software\CTex\MiKTeX\tex\latex\amsfonts\umsa.fd
File: umsa.fd 2009/06/22 v3.00 AMS symbols A
)
LaTeX Font Info:    Try loading font information for U+msb on input line 23.

(D:\Software\CTex\MiKTeX\tex\latex\amsfonts\umsb.fd
File: umsb.fd 2009/06/22 v3.00 AMS symbols B
) [1

{D:/Software/CTex/UserData/pdftex/config/pdftex.map{Unicode.sfd}{UGBK.sfd}}] [2
]
LaTeX Font Info:    Try loading font information for OMS+cmr on input line 99.

(D:\Software\CTex\MiKTeX\tex\latex\base\omscmr.fd
File: omscmr.fd 1999/05/25 v2.5h Standard LaTeX font definitions
)
LaTeX Font Info:    Font shape `OMS/cmr/m/n' in size <10.95> not available
(Font)              Font shape `OMS/cmsy/m/n' tried instead on input line 99.
LaTeX Font Info:    Try loading font information for U+bbm on input line 153.

(D:\Software\CTex\UserData\tex\latex\bbm\ubbm.fd
File: ubbm.fd 1999/03/15 V 1.2 Font definition for bbm font - TH
) [3] [4] [5]
<pic/ROC_DS1_1000_025.pdf, id=33, 475.7775pt x 431.6125pt>
File: pic/ROC_DS1_1000_025.pdf Graphic file (type pdf)

<use pic/ROC_DS1_1000_025.pdf>
Package pdftex.def Info: pic/ROC_DS1_1000_025.pdf used on input line 300.
(pdftex.def)             Requested size: 211.38832pt x 191.76729pt.

<pic/ROC_DS2_1000_025.pdf, id=34, 475.7775pt x 431.6125pt>
File: pic/ROC_DS2_1000_025.pdf Graphic file (type pdf)

<use pic/ROC_DS2_1000_025.pdf>
Package pdftex.def Info: pic/ROC_DS2_1000_025.pdf used on input line 304.
(pdftex.def)             Requested size: 211.38832pt x 191.76729pt.
 [6] [7 <D:/Bitbucket_Repos/peptide-catalysis/writeup/FinalPaper/pic/ROC_DS1_10
00_025.pdf> <D:/Bitbucket_Repos/peptide-catalysis/writeup/FinalPaper/pic/ROC_DS
2_1000_025.pdf>]
Underfull \hbox (badness 10000) in paragraph at lines 351--352

 []

<pic/maxP_comparison.pdf, id=56, 507.8975pt x 394.47375pt>
File: pic/maxP_comparison.pdf Graphic file (type pdf)

<use pic/maxP_comparison.pdf>
Package pdftex.def Info: pic/maxP_comparison.pdf used on input line 375.
(pdftex.def)             Requested size: 281.85587pt x 218.91745pt.
 [8]
Underfull \hbox (badness 10000) in paragraph at lines 406--407

 []


Overfull \hbox (48.3463pt too wide) in paragraph at lines 415--416
[] []\OT1/cmr/m/it/10.95 Calculate pos-te-ri-or dis-tri-bu-tion of $\OML/cmm/m/
it/10.95 [] \OMS/cmsy/m/n/10.95  []\OT1/cmr/m/n/10.95 ([][]\OMS/cmsy/m/n/10.9
5 jf\OML/cmm/m/it/10.95 x\OMS/cmsy/m/n/10.95 j\OML/cmm/m/it/10.95 x \OMS/cmsy/m
/n/10.95 2 \OML/cmm/m/it/10.95 D; y\OT1/cmr/m/n/10.95 (\OML/cmm/m/it/10.95 x\OT
1/cmr/m/n/10.95 ) = 1\OMS/cmsy/m/n/10.95 g\OT1/cmr/m/n/10.95 )$ \OT1/cmr/m/it/1
0.95 and $\OML/cmm/m/it/10.95 [] \OMS/cmsy/m/n/10.95  []\OT1/cmr/m/n/10.95 ([
][]\OMS/cmsy/m/n/10.95 jf\OML/cmm/m/it/10.95 x\OMS/cmsy/m/n/10.95 j\OML/cmm/m/i
t/10.95 x \OMS/cmsy/m/n/10.95 2
 []

[9 <D:/Bitbucket_Repos/peptide-catalysis/writeup/FinalPaper/pic/maxP_comparison
.pdf>] (D:\Bitbucket_Repos\peptide-catalysis\writeup\FinalPaper\writeup.bbl
[10]) [11] (D:\Bitbucket_Repos\peptide-catalysis\writeup\FinalPaper\writeup.aux
) ) 
Here is how much of TeX's memory you used:
 4499 strings out of 495354
 65397 string characters out of 3183356
 135808 words of memory out of 3000000
 7590 multiletter control sequences out of 15000+200000
 18282 words of font info for 69 fonts, out of 3000000 for 9000
 14 hyphenation exceptions out of 8191
 36i,17n,38p,1415b,550s stack positions out of 5000i,500n,10000p,200000b,50000s
 <D:\Software\CTex\UserData\fonts\pk\ljfour\public\bbm\dpi657\bbm10.pk><D:/S
oftware/CTex/MiKTeX/fonts/type1/public/amsfonts/cm/cmbx10.pfb><D:/Software/CTex
/MiKTeX/fonts/type1/public/amsfonts/cm/cmbx12.pfb><D:/Software/CTex/MiKTeX/font
s/type1/public/amsfonts/cm/cmbxti10.pfb><D:/Software/CTex/MiKTeX/fonts/type1/pu
blic/amsfonts/cm/cmex10.pfb><D:/Software/CTex/MiKTeX/fonts/type1/public/amsfont
s/cm/cmmi10.pfb><D:/Software/CTex/MiKTeX/fonts/type1/public/amsfonts/cm/cmmi6.p
fb><D:/Software/CTex/MiKTeX/fonts/type1/public/amsfonts/cm/cmmi8.pfb><D:/Softwa
re/CTex/MiKTeX/fonts/type1/public/amsfonts/cm/cmmib10.pfb><D:/Software/CTex/MiK
TeX/fonts/type1/public/amsfonts/cm/cmr10.pfb><D:/Software/CTex/MiKTeX/fonts/typ
e1/public/amsfonts/cm/cmr12.pfb><D:/Software/CTex/MiKTeX/fonts/type1/public/ams
fonts/cm/cmr17.pfb><D:/Software/CTex/MiKTeX/fonts/type1/public/amsfonts/cm/cmr6
.pfb><D:/Software/CTex/MiKTeX/fonts/type1/public/amsfonts/cm/cmr8.pfb><D:/Softw
are/CTex/MiKTeX/fonts/type1/public/amsfonts/cm/cmr9.pfb><D:/Software/CTex/MiKTe
X/fonts/type1/public/amsfonts/cm/cmsy10.pfb><D:/Software/CTex/MiKTeX/fonts/type
1/public/amsfonts/cm/cmsy6.pfb><D:/Software/CTex/MiKTeX/fonts/type1/public/amsf
onts/cm/cmsy8.pfb><D:/Software/CTex/MiKTeX/fonts/type1/public/amsfonts/cm/cmti1
0.pfb><D:/Software/CTex/MiKTeX/fonts/type1/public/amsfonts/cm/cmti9.pfb><D:/Sof
tware/CTex/MiKTeX/fonts/type1/public/amsfonts/symbols/msbm10.pfb>
Output written on writeup.pdf (11 pages, 293094 bytes).
PDF statistics:
 145 PDF objects out of 1000 (max. 8388607)
 0 named destinations out of 1000 (max. 500000)
 16 words of extra memory for PDF output out of 10000 (max. 10000000)

